{"C:\\Users\\swamp\\OneDrive\\Escritorio\\Formateo\\Proyectos 2023\\Jest\\src\\__test__\\index.js": {"path":"C:\\Users\\swamp\\OneDrive\\Escritorio\\Formateo\\Proyectos 2023\\Jest\\src\\__test__\\index.js","statementMap":{"0":{"start":{"line":1,"column":19},"end":{"line":7,"column":3}},"1":{"start":{"line":9,"column":23},"end":{"line":12,"column":3}},"2":{"start":{"line":10,"column":19},"end":{"line":10,"column":76}},"3":{"start":{"line":11,"column":4},"end":{"line":11,"column":18}},"4":{"start":{"line":14,"column":2},"end":{"line":14,"column":32}}},"fnMap":{"0":{"name":"(anonymous_0)","decl":{"start":{"line":9,"column":23},"end":{"line":9,"column":24}},"loc":{"start":{"line":9,"column":29},"end":{"line":12,"column":3}},"line":9}},"branchMap":{},"s":{"0":1,"1":1,"2":2,"3":2,"4":1},"f":{"0":2},"b":{},"_coverageSchema":"1a1c01bbd47fc00a2c39e90264f33305004495a9","hash":"f017f50f56a2843aea536dcb340a8d5bf2c6b49f"}
}
